Arguments: 
  C:\Program Files\nodejs\node.exe C:\Users\ecsta\AppData\Roaming\npm\node_modules\yarn\bin\yarn.js install

PATH: 
  C:\Users\ecsta\bin;C:\Program Files\Git\mingw64\bin;C:\Program Files\Git\usr\local\bin;C:\Program Files\Git\usr\bin;C:\Program Files\Git\usr\bin;C:\Program Files\Git\mingw64\bin;C:\Program Files\Git\usr\bin;C:\Users\ecsta\bin;C:\Python310\Scripts;C:\Python310;C:\Program Files (x86)\Intel\Intel(R) Management Engine Components\iCLS;C:\Program Files\Intel\Intel(R) Management Engine Components\iCLS;C:\ProgramData\Oracle\Java\javapath;C:\windows\system32;C:\windows;C:\windows\System32\Wbem;C:\windows\System32\WindowsPowerShell\v1.0;C:\Program Files (x86)\NVIDIA Corporation\PhysX\Common;C:\WINDOWS\system32;C:\WINDOWS;C:\WINDOWS\System32\Wbem;C:\WINDOWS\System32\WindowsPowerShell\v1.0;C:\WINDOWS\System32\OpenSSH;C:\Program Files\TortoiseSVN\bin;%JAVA_HOME%\bin;C:\Program Files\MongoDB\Server\4.0\bin;C:\Program Files\MySQL\MySQL Utilities 1.6;C:\Program Files\MySQL\MySQL Server 5.6\bin;C:\Program Files (x86)\Intel\Intel(R) Management Engine Components\DAL;C:\Program Files\Intel\Intel(R) Management Engine Components\DAL;C:\Program Files\Intel\WiFi\bin;C:\Program Files\Common Files\Intel\WirelessCommon;C:\Program Files\GrafanaLabs\grafana\bin;C:\Program Files\TortoiseGit\bin;C:\ProgramData\chocolatey\bin;C:\Program Files\nodejs;C:\Program Files (x86)\NetSarang\Xshell 7;C:\Program Files\Git\cmd;C:\Users\ecsta\AppData\Local\Microsoft\WindowsApps;C:\Program Files\MongoDB\Server\4.0\bin;C:\Program Files\MySQL\MySQL Server 5.6\bin;C:\Users\ecsta\AppData\Local\Microsoft\WindowsApps;C:\Program Files\GrafanaLabs\grafana\bin;C:\Program Files\@bdeefeopdev-cli\bin;C:\Users\ecsta\AppData\Local\Programs\Microsoft VS Code\bin;C:\Users\ecsta\AppData\Roaming\npm;C:\Program Files\Git\usr\bin\vendor_perl;C:\Program Files\Git\usr\bin\core_perl

Yarn version: 
  1.22.4

Node version: 
  16.13.0

Platform: 
  win32 x64

Trace: 
  Error: https://rg.cnpmjs.org/@ant-design/icons/download/@ant-design/icons-4.7.0.tgz: ESOCKETTIMEDOUT
      at ClientRequest.<anonymous> (C:\Users\ecsta\AppData\Roaming\npm\node_modules\yarn\lib\cli.js:141375:19)
      at Object.onceWrapper (node:events:509:28)
      at ClientRequest.emit (node:events:390:28)
      at TLSSocket.emitRequestTimeout (node:_http_client:763:9)
      at Object.onceWrapper (node:events:509:28)
      at TLSSocket.emit (node:events:402:35)
      at TLSSocket.Socket._onTimeout (node:net:501:8)
      at listOnTimeout (node:internal/timers:557:17)
      at processTimers (node:internal/timers:500:7)

npm manifest: 
  {
    "name": "ant-design-pro",
    "version": "4.3.0",
    "private": true,
    "description": "An out-of-box UI solution for enterprise applications",
    "scripts": {
      "analyze": "cross-env ANALYZE=1 umi build",
      "build": "umi build",
      "deploy": "npm run site && npm run gh-pages",
      "dev": "npm run start:dev",
      "docker-hub:build": "docker build  -f Dockerfile.hub -t  ant-design-pro ./",
      "docker-prod:build": "docker-compose -f ./docker/docker-compose.yml build",
      "docker-prod:dev": "docker-compose -f ./docker/docker-compose.yml up",
      "docker:build": "docker-compose -f ./docker/docker-compose.dev.yml build",
      "docker:dev": "docker-compose -f ./docker/docker-compose.dev.yml up",
      "docker:push": "npm run docker-hub:build && npm run docker:tag && docker push antdesign/ant-design-pro",
      "docker:tag": "docker tag ant-design-pro antdesign/ant-design-pro",
      "fetch:blocks": "pro fetch-blocks && npm run prettier",
      "gh-pages": "gh-pages -d dist",
      "i18n-remove": "pro i18n-remove --locale=zh-CN --write",
      "postinstall": "umi g tmp",
      "lint": "umi g tmp && npm run lint:js && npm run lint:style && npm run lint:prettier",
      "lint-staged:js": "eslint --ext .js,.jsx,.ts,.tsx ",
      "lint:fix": "eslint --fix --cache --ext .js,.jsx,.ts,.tsx --format=pretty ./src && npm run lint:style",
      "lint:js": "eslint --cache --ext .js,.jsx,.ts,.tsx --format=pretty ./src",
      "lint:prettier": "prettier --check \"src/**/*\" --end-of-line auto",
      "lint:style": "stylelint --fix \"src/**/*.less\" --syntax less",
      "precommit": "lint-staged",
      "prettier": "prettier -c --write \"src/**/*\"",
      "site": "npm run fetch:blocks && npm run build",
      "start": "umi dev",
      "start:dev": "cross-env REACT_APP_ENV=dev MOCK=none umi dev",
      "start:no-mock": "cross-env MOCK=none umi dev",
      "start:no-ui": "cross-env UMI_UI=none umi dev",
      "start:pre": "cross-env REACT_APP_ENV=pre umi dev",
      "start:test": "cross-env REACT_APP_ENV=test MOCK=none umi dev",
      "pretest": "node ./tests/beforeTest",
      "test": "umi test",
      "test:all": "node ./tests/run-tests.js",
      "test:component": "umi test ./src/components",
      "tsc": "tsc --noEmit"
    },
    "lint-staged": {
      "**/*.less": "stylelint --syntax less",
      "**/*.{js,jsx,ts,tsx}": "npm run lint-staged:js",
      "**/*.{js,jsx,tsx,ts,less,md,json}": [
        "prettier --write"
      ]
    },
    "browserslist": [
      "> 1%",
      "last 2 versions",
      "not ie <= 10"
    ],
    "dependencies": {
      "@ant-design/icons": "^4.0.0",
      "@ant-design/pro-descriptions": "^1.0.19",
      "@ant-design/pro-form": "^1.3.0",
      "@ant-design/pro-layout": "^6.5.0",
      "@ant-design/pro-table": "^2.9.16",
      "@umijs/route-utils": "^1.0.33",
      "antd": "^4.8.0",
      "classnames": "^2.2.6",
      "lodash": "^4.17.11",
      "moment": "^2.25.3",
      "omit.js": "^2.0.2",
      "qs": "^6.9.0",
      "react": "^16.8.6",
      "react-dom": "^16.8.6",
      "react-helmet-async": "^1.0.4",
      "umi": "^3.2.14",
      "umi-request": "^1.0.8",
      "use-merge-value": "^1.0.1"
    },
    "devDependencies": {
      "@ant-design/pro-cli": "^1.0.18",
      "@types/classnames": "^2.2.7",
      "@types/express": "^4.17.0",
      "@types/history": "^4.7.2",
      "@types/jest": "^26.0.0",
      "@types/lodash": "^4.14.144",
      "@types/qs": "^6.5.3",
      "@types/react": "^16.9.17",
      "@types/react-dom": "^16.8.4",
      "@types/react-helmet": "^6.1.0",
      "@umijs/fabric": "^2.3.0",
      "@umijs/plugin-blocks": "^2.0.5",
      "@umijs/plugin-esbuild": "^1.0.1",
      "@umijs/preset-ant-design-pro": "^1.2.0",
      "@umijs/preset-react": "^1.4.8",
      "@umijs/yorkie": "^2.0.3",
      "carlo": "^0.9.46",
      "chalk": "^4.0.0",
      "cross-env": "^7.0.0",
      "cross-port-killer": "^1.1.1",
      "detect-installer": "^1.0.1",
      "enzyme": "^3.11.0",
      "eslint": "^7.1.0",
      "express": "^4.17.1",
      "gh-pages": "^3.0.0",
      "jsdom-global": "^3.0.2",
      "lint-staged": "^10.0.0",
      "mockjs": "^1.0.1-beta3",
      "prettier": "^2.0.1",
      "pro-download": "1.0.1",
      "puppeteer-core": "^5.0.0",
      "stylelint": "^13.0.0",
      "typescript": "^4.0.3"
    },
    "engines": {
      "node": ">=10.0.0"
    },
    "checkFiles": [
      "src/**/*.js*",
      "src/**/*.ts*",
      "src/**/*.less",
      "config/**/*.js*",
      "scripts/**/*.js"
    ],
    "create-umi": {
      "ignoreScript": [
        "docker*",
        "functions*",
        "site",
        "generateMock"
      ],
      "ignoreDependencies": [
        "netlify*",
        "serverless"
      ],
      "ignore": [
        ".dockerignore",
        ".git",
        ".github",
        ".gitpod.yml",
        "CODE_OF_CONDUCT.md",
        "Dockerfile",
        "Dockerfile.*",
        "lambda",
        "LICENSE",
        "netlify.toml",
        "README.*.md",
        "azure-pipelines.yml",
        "docker",
        "CNAME",
        "create-umi"
      ]
    }
  }

yarn manifest: 
  No manifest

Lockfile: 
  No lockfile
